Added Component: Designator=C1(0805_cap)
Added Component: Designator=C2(0805_cap)
Added Component: Designator=C3(cap 4x5.4)
Added Component: Designator=C4(0805_cap)
Added Component: Designator=C5(0805_cap)
Added Component: Designator=C6(0805_cap)
Added Component: Designator=C7(0805_cap)
Added Component: Designator=C8(0805_cap)
Added Component: Designator=C9(0805_cap)
Added Component: Designator=C10(0805_cap)
Added Component: Designator=C11(0805_cap)
Added Component: Designator=C12(0805_cap)
Added Component: Designator=C13(0805_cap)
Added Component: Designator=R1(0805)
Added Component: Designator=R2(0805)
Added Component: Designator=U?(TSSOP-28)
Added Component: Designator=Y1(XTAL_hc-49_smd)
Added Pin To Net: NetName=+5V Pin=C1-2
Added Pin To Net: NetName=+5V Pin=C2-2
Added Pin To Net: NetName=+5V Pin=R1-1
Added Pin To Net: NetName=+5V Pin=U?-20
Added Net: Name=+5V
Added Pin To Net: NetName=?? Pin=C4-1
Added Pin To Net: NetName=?? Pin=C5-1
Added Pin To Net: NetName=?? Pin=C8-2
Added Pin To Net: NetName=?? Pin=C9-2
Added Pin To Net: NetName=?? Pin=R1-2
Added Pin To Net: NetName=?? Pin=R2-2
Added Pin To Net: NetName=?? Pin=U?-9
Added Pin To Net: NetName=?? Pin=U?-10
Added Net: Name=??
Added Pin To Net: NetName=GND Pin=C1-1
Added Pin To Net: NetName=GND Pin=C2-1
Added Pin To Net: NetName=GND Pin=C3-2
Added Pin To Net: NetName=GND Pin=C4-2
Added Pin To Net: NetName=GND Pin=C5-2
Added Pin To Net: NetName=GND Pin=C6-1
Added Pin To Net: NetName=GND Pin=C7-1
Added Pin To Net: NetName=GND Pin=C8-1
Added Pin To Net: NetName=GND Pin=C9-1
Added Pin To Net: NetName=GND Pin=C10-2
Added Pin To Net: NetName=GND Pin=C11-2
Added Pin To Net: NetName=GND Pin=C12-1
Added Pin To Net: NetName=GND Pin=C13-1
Added Pin To Net: NetName=GND Pin=U?-8
Added Pin To Net: NetName=GND Pin=U?-21
Added Net: Name=GND
Added Pin To Net: NetName=NetC6_2 Pin=C6-2
Added Pin To Net: NetName=NetC6_2 Pin=C7-2
Added Pin To Net: NetName=NetC6_2 Pin=U?-22
Added Net: Name=NetC6_2
Added Pin To Net: NetName=NetC10_1 Pin=C10-1
Added Pin To Net: NetName=NetC10_1 Pin=C11-1
Added Pin To Net: NetName=NetC10_1 Pin=U?-15
Added Net: Name=NetC10_1
Added Pin To Net: NetName=NetC12_2 Pin=C12-2
Added Pin To Net: NetName=NetC12_2 Pin=U?-2
Added Pin To Net: NetName=NetC12_2 Pin=Y1-2
Added Net: Name=NetC12_2
Added Pin To Net: NetName=NetC13_2 Pin=C13-2
Added Pin To Net: NetName=NetC13_2 Pin=U?-1
Added Pin To Net: NetName=NetC13_2 Pin=Y1-1
Added Net: Name=NetC13_2
Added Pin To Net: NetName=VCC Pin=C3-1
Added Net: Name=VCC
Added Class: Name=Codec_board
Added Room: Name=Codec_board
