Added Pin To Net: NetName=+3.3V Pin=P3-3
Added Pin To Net: NetName=+3.3V Pin=P4-3
Added Net: Name=+3.3V
Added Pin To Net: NetName=+5V Pin=C1-2
Added Pin To Net: NetName=+5V Pin=C2-2
Added Pin To Net: NetName=+5V Pin=C42-1
Added Pin To Net: NetName=+5V Pin=C43-2
Added Pin To Net: NetName=+5V Pin=D1-1
Added Pin To Net: NetName=+5V Pin=D2-1
Added Pin To Net: NetName=+5V Pin=D3-C
Added Pin To Net: NetName=+5V Pin=H3-1
Added Pin To Net: NetName=+5V Pin=H3-2
Added Pin To Net: NetName=+5V Pin=P3-1
Added Pin To Net: NetName=+5V Pin=P4-1
Added Pin To Net: NetName=+5V Pin=Q1-2
Added Pin To Net: NetName=+5V Pin=Q3-2
Added Pin To Net: NetName=+5V Pin=U1-20
Added Net: Name=+5V
Added Pin To Net: NetName=+18V Pin=C15-2
Added Pin To Net: NetName=+18V Pin=C23-2
Added Pin To Net: NetName=+18V Pin=C46-1
Added Pin To Net: NetName=+18V Pin=C47-2
Added Pin To Net: NetName=+18V Pin=D6-C
Added Pin To Net: NetName=+18V Pin=H3-4
Added Pin To Net: NetName=+18V Pin=U2-8
Added Pin To Net: NetName=+18V Pin=U3-8
Added Pin To Net: NetName=+18V Pin=U4-8
Added Net: Name=+18V
Added Pin To Net: NetName=-18V Pin=C21-2
Added Pin To Net: NetName=-18V Pin=C29-2
Added Pin To Net: NetName=-18V Pin=C48-2
Added Pin To Net: NetName=-18V Pin=C49-1
Added Pin To Net: NetName=-18V Pin=D7-A
Added Pin To Net: NetName=-18V Pin=H3-6
Added Pin To Net: NetName=-18V Pin=R27-1
Added Pin To Net: NetName=-18V Pin=U2-4
Added Pin To Net: NetName=-18V Pin=U3-4
Added Pin To Net: NetName=-18V Pin=U4-4
Added Net: Name=-18V
Added Pin To Net: NetName=CODEC_CTRL_SCL Pin=J5-P93
Added Pin To Net: NetName=CODEC_CTRL_SCL Pin=U1-11
Added Net: Name=CODEC_CTRL_SCL
Added Pin To Net: NetName=CODEC_CTRL_SDA Pin=J5-P94
Added Pin To Net: NetName=CODEC_CTRL_SDA Pin=U1-12
Added Net: Name=CODEC_CTRL_SDA
Added Pin To Net: NetName=CODEC_I2S_ADC Pin=J5-P12
Added Pin To Net: NetName=CODEC_I2S_ADC Pin=U1-6
Added Net: Name=CODEC_I2S_ADC
Added Pin To Net: NetName=CODEC_I2S_CLK Pin=J5-P34
Added Pin To Net: NetName=CODEC_I2S_CLK Pin=U1-5
Added Net: Name=CODEC_I2S_CLK
Added Pin To Net: NetName=CODEC_I2S_DAC Pin=J5-P10
Added Pin To Net: NetName=CODEC_I2S_DAC Pin=U1-7
Added Net: Name=CODEC_I2S_DAC
Added Pin To Net: NetName=CODEC_I2S_LR Pin=J5-P36
Added Pin To Net: NetName=CODEC_I2S_LR Pin=U1-4
Added Net: Name=CODEC_I2S_LR
Added Pin To Net: NetName=CODEC_MCLK Pin=J5-P97
Added Pin To Net: NetName=CODEC_MCLK Pin=U1-3
Added Net: Name=CODEC_MCLK
Added Pin To Net: NetName=CODEC_NRST Pin=J5-P95
Added Pin To Net: NetName=CODEC_NRST Pin=U1-14
Added Net: Name=CODEC_NRST
Added Pin To Net: NetName=GND Pin=C1-1
Added Pin To Net: NetName=GND Pin=C2-1
Added Pin To Net: NetName=GND Pin=C3-2
Added Pin To Net: NetName=GND Pin=C4-2
Added Pin To Net: NetName=GND Pin=C5-2
Added Pin To Net: NetName=GND Pin=C6-2
Added Pin To Net: NetName=GND Pin=C7-1
Added Pin To Net: NetName=GND Pin=C8-1
Added Pin To Net: NetName=GND Pin=C9-1
Added Pin To Net: NetName=GND Pin=C10-2
Added Pin To Net: NetName=GND Pin=C11-1
Added Pin To Net: NetName=GND Pin=C12-1
Added Pin To Net: NetName=GND Pin=C13-1
Added Pin To Net: NetName=GND Pin=C15-1
Added Pin To Net: NetName=GND Pin=C19-1
Added Pin To Net: NetName=GND Pin=C21-1
Added Pin To Net: NetName=GND Pin=C23-1
Added Pin To Net: NetName=GND Pin=C27-1
Added Pin To Net: NetName=GND Pin=C29-1
Added Pin To Net: NetName=GND Pin=C30-2
Added Pin To Net: NetName=GND Pin=C33-1
Added Pin To Net: NetName=GND Pin=C34-1
Added Pin To Net: NetName=GND Pin=C35-2
Added Pin To Net: NetName=GND Pin=C36-2
Added Pin To Net: NetName=GND Pin=C39-1
Added Pin To Net: NetName=GND Pin=C40-1
Added Pin To Net: NetName=GND Pin=C41-2
Added Pin To Net: NetName=GND Pin=C42-2
Added Pin To Net: NetName=GND Pin=C43-1
Added Pin To Net: NetName=GND Pin=C44-1
Added Pin To Net: NetName=GND Pin=C45-1
Added Pin To Net: NetName=GND Pin=C46-2
Added Pin To Net: NetName=GND Pin=C47-1
Added Pin To Net: NetName=GND Pin=C48-1
Added Pin To Net: NetName=GND Pin=C49-2
Added Pin To Net: NetName=GND Pin=C50-2
Added Pin To Net: NetName=GND Pin=D3-A
Added Pin To Net: NetName=GND Pin=D4-A
Added Pin To Net: NetName=GND Pin=D5-A
Added Pin To Net: NetName=GND Pin=D6-A
Added Pin To Net: NetName=GND Pin=D7-C
Added Pin To Net: NetName=GND Pin=H1-3
Added Pin To Net: NetName=GND Pin=H1-4
Added Pin To Net: NetName=GND Pin=H2-2
Added Pin To Net: NetName=GND Pin=H2-3
Added Pin To Net: NetName=GND Pin=H3-3
Added Pin To Net: NetName=GND Pin=H3-5
Added Pin To Net: NetName=GND Pin=J5-P51
Added Pin To Net: NetName=GND Pin=Q2-2
Added Pin To Net: NetName=GND Pin=Q4-2
Added Pin To Net: NetName=GND Pin=R3-1
Added Pin To Net: NetName=GND Pin=R6-2
Added Pin To Net: NetName=GND Pin=R11-1
Added Pin To Net: NetName=GND Pin=R14-2
Added Pin To Net: NetName=GND Pin=R23-1
Added Pin To Net: NetName=GND Pin=R34-1
Added Pin To Net: NetName=GND Pin=R38-1
Added Pin To Net: NetName=GND Pin=U1-8
Added Pin To Net: NetName=GND Pin=U1-13
Added Pin To Net: NetName=GND Pin=U1-21
Added Net: Name=GND
Added Pin To Net: NetName=Net24.576MHz_1 Pin=24.576MHz-1
Added Pin To Net: NetName=Net24.576MHz_1 Pin=C13-2
Added Pin To Net: NetName=Net24.576MHz_1 Pin=U1-1
Added Net: Name=Net24.576MHz_1
Added Pin To Net: NetName=Net24.576MHz_2 Pin=24.576MHz-2
Added Pin To Net: NetName=Net24.576MHz_2 Pin=C12-2
Added Pin To Net: NetName=Net24.576MHz_2 Pin=U1-2
Added Net: Name=Net24.576MHz_2
Added Pin To Net: NetName=NetC6_1 Pin=C6-1
Added Pin To Net: NetName=NetC6_1 Pin=C7-2
Added Pin To Net: NetName=NetC6_1 Pin=U1-22
Added Net: Name=NetC6_1
Added Pin To Net: NetName=NetC14_1 Pin=C14-1
Added Pin To Net: NetName=NetC14_1 Pin=R2-2
Added Pin To Net: NetName=NetC14_1 Pin=U2-1
Added Net: Name=NetC14_1
Added Pin To Net: NetName=NetC14_2 Pin=C14-2
Added Pin To Net: NetName=NetC14_2 Pin=R1-2
Added Pin To Net: NetName=NetC14_2 Pin=U2-2
Added Net: Name=NetC14_2
Added Pin To Net: NetName=NetC16_1 Pin=C16-1
Added Pin To Net: NetName=NetC16_1 Pin=R4-2
Added Pin To Net: NetName=NetC16_1 Pin=U2-3
Added Net: Name=NetC16_1
Added Pin To Net: NetName=NetC16_2 Pin=C16-2
Added Pin To Net: NetName=NetC16_2 Pin=H1-1
Added Pin To Net: NetName=NetC16_2 Pin=R3-2
Added Net: Name=NetC16_2
Added Pin To Net: NetName=NetC17_1 Pin=C17-1
Added Pin To Net: NetName=NetC17_1 Pin=R1-1
Added Pin To Net: NetName=NetC17_1 Pin=U1-16
Added Net: Name=NetC17_1
Added Pin To Net: NetName=NetC17_2 Pin=C17-2
Added Pin To Net: NetName=NetC17_2 Pin=R5-1
Added Pin To Net: NetName=NetC17_2 Pin=U1-17
Added Net: Name=NetC17_2
Added Pin To Net: NetName=NetC18_1 Pin=C18-1
Added Pin To Net: NetName=NetC18_1 Pin=R8-2
Added Pin To Net: NetName=NetC18_1 Pin=U2-7
Added Net: Name=NetC18_1
Added Pin To Net: NetName=NetC18_2 Pin=C18-2
Added Pin To Net: NetName=NetC18_2 Pin=R5-2
Added Pin To Net: NetName=NetC18_2 Pin=U2-6
Added Net: Name=NetC18_2
Added Pin To Net: NetName=NetC20_1 Pin=C20-1
Added Pin To Net: NetName=NetC20_1 Pin=R7-1
Added Pin To Net: NetName=NetC20_1 Pin=U2-5
Added Net: Name=NetC20_1
Added Pin To Net: NetName=NetC20_2 Pin=C20-2
Added Pin To Net: NetName=NetC20_2 Pin=H1-2
Added Pin To Net: NetName=NetC20_2 Pin=J1-1
Added Pin To Net: NetName=NetC20_2 Pin=R6-1
Added Net: Name=NetC20_2
Added Pin To Net: NetName=NetC22_1 Pin=C22-1
Added Pin To Net: NetName=NetC22_1 Pin=R10-2
Added Pin To Net: NetName=NetC22_1 Pin=U3-1
Added Net: Name=NetC22_1
Added Pin To Net: NetName=NetC22_2 Pin=C22-2
Added Pin To Net: NetName=NetC22_2 Pin=R9-2
Added Pin To Net: NetName=NetC22_2 Pin=U3-2
Added Net: Name=NetC22_2
Added Pin To Net: NetName=NetC24_1 Pin=C24-1
Added Pin To Net: NetName=NetC24_1 Pin=R12-2
Added Pin To Net: NetName=NetC24_1 Pin=U3-3
Added Net: Name=NetC24_1
Added Pin To Net: NetName=NetC24_2 Pin=C24-2
Added Pin To Net: NetName=NetC24_2 Pin=H1-6
Added Pin To Net: NetName=NetC24_2 Pin=R11-2
Added Net: Name=NetC24_2
Added Pin To Net: NetName=NetC25_1 Pin=C25-1
Added Pin To Net: NetName=NetC25_1 Pin=R9-1
Added Pin To Net: NetName=NetC25_1 Pin=U1-19
Added Net: Name=NetC25_1
Added Pin To Net: NetName=NetC25_2 Pin=C25-2
Added Pin To Net: NetName=NetC25_2 Pin=R13-1
Added Pin To Net: NetName=NetC25_2 Pin=U1-18
Added Net: Name=NetC25_2
Added Pin To Net: NetName=NetC26_1 Pin=C26-1
Added Pin To Net: NetName=NetC26_1 Pin=R16-2
Added Pin To Net: NetName=NetC26_1 Pin=U3-7
Added Net: Name=NetC26_1
Added Pin To Net: NetName=NetC26_2 Pin=C26-2
Added Pin To Net: NetName=NetC26_2 Pin=R13-2
Added Pin To Net: NetName=NetC26_2 Pin=U3-6
Added Net: Name=NetC26_2
Added Pin To Net: NetName=NetC28_1 Pin=C28-1
Added Pin To Net: NetName=NetC28_1 Pin=R15-1
Added Pin To Net: NetName=NetC28_1 Pin=U3-5
Added Net: Name=NetC28_1
Added Pin To Net: NetName=NetC28_2 Pin=C28-2
Added Pin To Net: NetName=NetC28_2 Pin=H1-5
Added Pin To Net: NetName=NetC28_2 Pin=J2-1
Added Pin To Net: NetName=NetC28_2 Pin=R14-1
Added Net: Name=NetC28_2
Added Pin To Net: NetName=NetC30_1 Pin=C30-1
Added Pin To Net: NetName=NetC30_1 Pin=R17-1
Added Pin To Net: NetName=NetC30_1 Pin=R18-2
Added Pin To Net: NetName=NetC30_1 Pin=R19-1
Added Net: Name=NetC30_1
Added Pin To Net: NetName=NetC31_1 Pin=C31-1
Added Pin To Net: NetName=NetC31_1 Pin=C32-1
Added Pin To Net: NetName=NetC31_1 Pin=R17-2
Added Pin To Net: NetName=NetC31_1 Pin=U4-1
Added Net: Name=NetC31_1
Added Pin To Net: NetName=NetC31_2 Pin=C31-2
Added Pin To Net: NetName=NetC31_2 Pin=R19-2
Added Pin To Net: NetName=NetC31_2 Pin=U4-2
Added Net: Name=NetC31_2
Added Pin To Net: NetName=NetC32_2 Pin=C32-2
Added Pin To Net: NetName=NetC32_2 Pin=R20-1
Added Net: Name=NetC32_2
Added Pin To Net: NetName=NetC33_2 Pin=C33-2
Added Pin To Net: NetName=NetC33_2 Pin=R21-2
Added Pin To Net: NetName=NetC33_2 Pin=R22-1
Added Pin To Net: NetName=NetC33_2 Pin=R24-2
Added Net: Name=NetC33_2
Added Pin To Net: NetName=NetC34_2 Pin=C34-2
Added Pin To Net: NetName=NetC34_2 Pin=R22-2
Added Pin To Net: NetName=NetC34_2 Pin=U4-3
Added Net: Name=NetC34_2
Added Pin To Net: NetName=NetC35_1 Pin=C35-1
Added Pin To Net: NetName=NetC35_1 Pin=R24-1
Added Net: Name=NetC35_1
Added Pin To Net: NetName=NetC36_1 Pin=C36-1
Added Pin To Net: NetName=NetC36_1 Pin=R28-1
Added Pin To Net: NetName=NetC36_1 Pin=R29-2
Added Pin To Net: NetName=NetC36_1 Pin=R30-1
Added Net: Name=NetC36_1
Added Pin To Net: NetName=NetC37_1 Pin=C37-1
Added Pin To Net: NetName=NetC37_1 Pin=C38-1
Added Pin To Net: NetName=NetC37_1 Pin=R28-2
Added Pin To Net: NetName=NetC37_1 Pin=U4-7
Added Net: Name=NetC37_1
Added Pin To Net: NetName=NetC37_2 Pin=C37-2
Added Pin To Net: NetName=NetC37_2 Pin=R30-2
Added Pin To Net: NetName=NetC37_2 Pin=U4-6
Added Net: Name=NetC37_2
Added Pin To Net: NetName=NetC38_2 Pin=C38-2
Added Pin To Net: NetName=NetC38_2 Pin=R31-1
Added Net: Name=NetC38_2
Added Pin To Net: NetName=NetC39_2 Pin=C39-2
Added Pin To Net: NetName=NetC39_2 Pin=R32-2
Added Pin To Net: NetName=NetC39_2 Pin=R33-1
Added Pin To Net: NetName=NetC39_2 Pin=R35-2
Added Net: Name=NetC39_2
Added Pin To Net: NetName=NetC40_2 Pin=C40-2
Added Pin To Net: NetName=NetC40_2 Pin=R33-2
Added Pin To Net: NetName=NetC40_2 Pin=U4-5
Added Net: Name=NetC40_2
Added Pin To Net: NetName=NetC41_1 Pin=C41-1
Added Pin To Net: NetName=NetC41_1 Pin=R35-1
Added Net: Name=NetC41_1
Added Pin To Net: NetName=NetD1_2 Pin=D1-2
Added Pin To Net: NetName=NetD1_2 Pin=R25-2
Added Net: Name=NetD1_2
Added Pin To Net: NetName=NetD2_2 Pin=D2-2
Added Pin To Net: NetName=NetD2_2 Pin=R36-2
Added Net: Name=NetD2_2
Added Pin To Net: NetName=NetH2_1 Pin=H2-1
Added Pin To Net: NetName=NetH2_1 Pin=P1-1
Added Pin To Net: NetName=NetH2_1 Pin=R20-2
Added Pin To Net: NetName=NetH2_1 Pin=R23-2
Added Net: Name=NetH2_1
Added Pin To Net: NetName=NetH2_4 Pin=H2-4
Added Pin To Net: NetName=NetH2_4 Pin=P2-1
Added Pin To Net: NetName=NetH2_4 Pin=R31-2
Added Pin To Net: NetName=NetH2_4 Pin=R34-2
Added Net: Name=NetH2_4
Added Pin To Net: NetName=NetP1_2 Pin=P1-2
Added Pin To Net: NetName=NetP1_2 Pin=Q2-3
Added Net: Name=NetP1_2
Added Pin To Net: NetName=NetP1_3 Pin=P1-3
Added Pin To Net: NetName=NetP1_3 Pin=R25-1
Added Net: Name=NetP1_3
Added Pin To Net: NetName=NetP2_2 Pin=P2-2
Added Pin To Net: NetName=NetP2_2 Pin=Q4-3
Added Net: Name=NetP2_2
Added Pin To Net: NetName=NetP2_3 Pin=P2-3
Added Pin To Net: NetName=NetP2_3 Pin=R36-1
Added Net: Name=NetP2_3
Added Pin To Net: NetName=NetQ1_1 Pin=Q1-1
Added Pin To Net: NetName=NetQ1_1 Pin=U1-23
Added Net: Name=NetQ1_1
Added Pin To Net: NetName=NetQ1_3 Pin=Q1-3
Added Pin To Net: NetName=NetQ1_3 Pin=R26-1
Added Pin To Net: NetName=NetQ1_3 Pin=R27-2
Added Net: Name=NetQ1_3
Added Pin To Net: NetName=NetQ2_1 Pin=Q2-1
Added Pin To Net: NetName=NetQ2_1 Pin=R26-2
Added Net: Name=NetQ2_1
Added Pin To Net: NetName=NetQ3_1 Pin=Q3-1
Added Pin To Net: NetName=NetQ3_1 Pin=U1-28
Added Net: Name=NetQ3_1
Added Pin To Net: NetName=NetQ3_3 Pin=Q3-3
Added Pin To Net: NetName=NetQ3_3 Pin=R37-1
Added Pin To Net: NetName=NetQ3_3 Pin=R38-2
Added Net: Name=NetQ3_3
Added Pin To Net: NetName=NetQ4_1 Pin=Q4-1
Added Pin To Net: NetName=NetQ4_1 Pin=R37-2
Added Net: Name=NetQ4_1
Added Pin To Net: NetName=NetR18_1 Pin=R18-1
Added Pin To Net: NetName=NetR18_1 Pin=U1-24
Added Net: Name=NetR18_1
Added Pin To Net: NetName=NetR21_1 Pin=R21-1
Added Pin To Net: NetName=NetR21_1 Pin=U1-25
Added Net: Name=NetR21_1
Added Pin To Net: NetName=NetR29_1 Pin=R29-1
Added Pin To Net: NetName=NetR29_1 Pin=U1-27
Added Net: Name=NetR29_1
Added Pin To Net: NetName=NetR32_1 Pin=R32-1
Added Pin To Net: NetName=NetR32_1 Pin=U1-26
Added Net: Name=NetR32_1
Added Pin To Net: NetName=VCOM Pin=C10-1
Added Pin To Net: NetName=VCOM Pin=C11-2
Added Pin To Net: NetName=VCOM Pin=C19-2
Added Pin To Net: NetName=VCOM Pin=C27-2
Added Pin To Net: NetName=VCOM Pin=R4-1
Added Pin To Net: NetName=VCOM Pin=R7-2
Added Pin To Net: NetName=VCOM Pin=R12-1
Added Pin To Net: NetName=VCOM Pin=R15-2
Added Pin To Net: NetName=VCOM Pin=U1-15
Added Net: Name=VCOM
Added Pin To Net: NetName=VD Pin=C4-1
Added Pin To Net: NetName=VD Pin=C5-1
Added Pin To Net: NetName=VD Pin=C44-2
Added Pin To Net: NetName=VD Pin=C50-1
Added Pin To Net: NetName=VD Pin=D4-C
Added Pin To Net: NetName=VD Pin=P3-2
Added Pin To Net: NetName=VD Pin=U1-9
Added Net: Name=VD
Added Pin To Net: NetName=VL Pin=C3-1
Added Pin To Net: NetName=VL Pin=C8-2
Added Pin To Net: NetName=VL Pin=C9-2
Added Pin To Net: NetName=VL Pin=C45-2
Added Pin To Net: NetName=VL Pin=D5-C
Added Pin To Net: NetName=VL Pin=P4-2
Added Pin To Net: NetName=VL Pin=U1-10
Added Net: Name=VL
